%!Adobe-FontList 1.20
%Locale:0x40c

%BeginFont
Handler:DirectoryHandler
FontType:TrueType
FontName:TimesNewRomanPSMT
FamilyName:Times New Roman
StyleName:Regular
FullName:Times New Roman
MenuName:Times New Roman
StyleBits:0
WritingScript:Roman
OutlineFileName:E:\Archives_Travail_Pro\DOSSIERS\PURH\2018\08_ExperienceActeur_CahiersEriac_ChangerEpoque\Document fonts\times.ttf
DataFormat:sfntData
hasSVG:no
VariableFontType:NonVariableFont
FileLength:1195688
FileModTime:1552974251
WeightClass:400
WidthClass:5
AngleClass:0
NameArray:0,Mac,4,Times New Roman
NameArray:0,Win,1,Times New Roman
%EndFont

