%!Adobe-FontList 1.25
%Locale:0x40c

%BeginFont
Handler:DirectoryHandler
FontType:Type1
FontName:ChaparralPro-Bold
FamilyName:Chaparral Pro
StyleName:Bold
FullName:Chaparral Pro Bold
MenuName:Chaparral Pro
StyleBits:2
WritingScript:Roman
OutlineFileName:C:\Users\beuziev1\Desktop\assemblage_maquette_2026\Assemblage\Dossier UE_195x255\Document fonts\Chaparral Pro Bold.ttf
DataFormat:sfntData
UsesStandardEncoding:yes
isCFF:yes
hasSVG:no
hasCOLR:no
VariableFontType:NonVariableFont
FileLength:115940
FileModTime:1773228043
WeightClass:700
WidthClass:5
AngleClass:0
DesignSize:110
NameArray:0,Mac,4,Chaparral Pro Bold
NameArray:0,Win,1,Chaparral Pro
%EndFont

%BeginFont
Handler:DirectoryHandler
FontType:Type1
FontName:ChaparralPro-Italic
FamilyName:Chaparral Pro
StyleName:Italic
FullName:Chaparral Pro Italic
MenuName:Chaparral Pro
StyleBits:1
WritingScript:Roman
OutlineFileName:C:\Users\beuziev1\Desktop\assemblage_maquette_2026\Assemblage\Dossier UE_195x255\Document fonts\ChaparralPro-Italic.otf
DataFormat:sfntData
UsesStandardEncoding:yes
isCFF:yes
hasSVG:no
hasCOLR:no
VariableFontType:NonVariableFont
FileLength:115488
FileModTime:1773228043
WeightClass:400
WidthClass:5
AngleClass:1
DesignSize:110
NameArray:0,Mac,18,Chaparral Pro Ital
NameArray:0,Mac,4,Chaparral Pro Italic
NameArray:0,Win,1,Chaparral Pro
%EndFont

%BeginFont
Handler:DirectoryHandler
FontType:Type1
FontName:ChaparralPro-Regular
FamilyName:Chaparral Pro
StyleName:Regular
FullName:Chaparral Pro
MenuName:Chaparral Pro
StyleBits:0
WritingScript:Roman
OutlineFileName:C:\Users\beuziev1\Desktop\assemblage_maquette_2026\Assemblage\Dossier UE_195x255\Document fonts\ChaparralPro-Regular.otf
DataFormat:sfntData
UsesStandardEncoding:yes
isCFF:yes
hasSVG:no
hasCOLR:no
VariableFontType:NonVariableFont
FileLength:115724
FileModTime:1773228043
WeightClass:400
WidthClass:5
AngleClass:0
DesignSize:110
NameArray:0,Mac,4,Chaparral Pro
NameArray:0,Win,1,Chaparral Pro
%EndFont

%BeginFont
Handler:DirectoryHandler
FontType:Type1
FontName:ChaparralPro-Semibold
FamilyName:Chaparral Pro
StyleName:Semibold
FullName:Chaparral Pro Semibold
MenuName:Chaparral Pro SmBd
StyleBits:0
WritingScript:Roman
OutlineFileName:C:\Users\beuziev1\Desktop\assemblage_maquette_2026\Assemblage\Dossier UE_195x255\Document fonts\ChaparralPro-Semibold.otf
DataFormat:sfntData
UsesStandardEncoding:yes
isCFF:yes
hasSVG:no
hasCOLR:no
VariableFontType:NonVariableFont
FileLength:117112
FileModTime:1773228043
WeightClass:600
WidthClass:5
AngleClass:0
DesignSize:110
NameArray:0,Mac,18,Chaparral Pro SmBd
NameArray:0,Mac,4,Chaparral Pro Semibold
NameArray:0,Win,1,Chaparral Pro SmBd
NameArray:0,Win,16,Chaparral Pro
%EndFont

%BeginFont
Handler:DirectoryHandler
FontType:Type1
FontName:ChaparralPro-SemiboldIt
FamilyName:Chaparral Pro
StyleName:Semibold Italic
FullName:Chaparral Pro Semibold Italic
MenuName:Chaparral Pro SmBd
StyleBits:1
WritingScript:Roman
OutlineFileName:C:\Users\beuziev1\Desktop\assemblage_maquette_2026\Assemblage\Dossier UE_195x255\Document fonts\ChaparralPro-SemiboldIt.otf
DataFormat:sfntData
UsesStandardEncoding:yes
isCFF:yes
hasSVG:no
hasCOLR:no
VariableFontType:NonVariableFont
FileLength:116384
FileModTime:1773228044
WeightClass:600
WidthClass:5
AngleClass:1
DesignSize:110
NameArray:0,Mac,18,Chaparral Pro SmBd Ital
NameArray:0,Mac,4,Chaparral Pro Semibold Italic
NameArray:0,Win,1,Chaparral Pro SmBd
NameArray:0,Win,16,Chaparral Pro
%EndFont

%BeginFont
Handler:DirectoryHandler
FontType:TrueType
FontName:JosefinSans-ThinItalic
FamilyName:Josefin Sans
StyleName:Thin Italic
FullName:Josefin Sans Thin Italic
MenuName:Josefin Sans Thin
FamilyPrefix:JosefinSansItalic
StyleBits:1
WritingScript:Roman
OutlineFileName:C:\Users\beuziev1\Desktop\assemblage_maquette_2026\Assemblage\Dossier UE_195x255\Document fonts\JosefinSans-Italic-VariableFont_wght.ttf
DataFormat:sfntData
hasSVG:no
hasCOLR:no
VariableFontType:TrueTypeVariableFont
FileLength:125560
FileModTime:1773228044
WeightClass:100
WidthClass:5
AngleClass:1
NameArray:0,Win,1,Josefin Sans Thin
NameArray:0,Win,16,Josefin Sans
%EndFont

%BeginFont
Handler:DirectoryHandler
FontType:TrueType
FontName:JosefinSans-Thin
FamilyName:Josefin Sans
StyleName:Thin
FullName:Josefin Sans Thin
MenuName:Josefin Sans Thin
FamilyPrefix:JosefinSansRoman
StyleBits:0
WritingScript:Roman
OutlineFileName:C:\Users\beuziev1\Desktop\assemblage_maquette_2026\Assemblage\Dossier UE_195x255\Document fonts\JosefinSans-VariableFont_wght.ttf
DataFormat:sfntData
hasSVG:no
hasCOLR:no
VariableFontType:TrueTypeVariableFont
FileLength:117720
FileModTime:1773228044
WeightClass:100
WidthClass:5
AngleClass:0
NameArray:0,Win,1,Josefin Sans Thin
NameArray:0,Win,16,Josefin Sans
%EndFont

